0 info it worked if it ends with ok
1 verbose cli [ '/usr/bin/node',
1 verbose cli   '/usr/bin/npm',
1 verbose cli   'install',
1 verbose cli   '--save-dev',
1 verbose cli   'gulp-jshint' ]
2 info using npm@1.4.28
3 info using node@v0.10.35
4 verbose node symlink /usr/bin/node
5 warn package.json angularapp-gulp-boilerplate@0.0.1 No README data
6 verbose readDependencies using package.json deps
7 verbose cache add [ 'gulp-jshint', null ]
8 verbose cache add name=undefined spec="gulp-jshint" args=["gulp-jshint",null]
9 verbose parsed url { protocol: null,
9 verbose parsed url   slashes: null,
9 verbose parsed url   auth: null,
9 verbose parsed url   host: null,
9 verbose parsed url   port: null,
9 verbose parsed url   hostname: null,
9 verbose parsed url   hash: null,
9 verbose parsed url   search: null,
9 verbose parsed url   query: null,
9 verbose parsed url   pathname: 'gulp-jshint',
9 verbose parsed url   path: 'gulp-jshint',
9 verbose parsed url   href: 'gulp-jshint' }
10 silly lockFile aeb19f3d-gulp-jshint gulp-jshint
11 verbose lock gulp-jshint /home/front/.npm/aeb19f3d-gulp-jshint.lock
12 silly lockFile aeb19f3d-gulp-jshint gulp-jshint
13 silly lockFile aeb19f3d-gulp-jshint gulp-jshint
14 verbose addNamed [ 'gulp-jshint', '' ]
15 verbose addNamed [ null, '*' ]
16 silly lockFile 8b36bbde-gulp-jshint gulp-jshint@
17 verbose lock gulp-jshint@ /home/front/.npm/8b36bbde-gulp-jshint.lock
18 silly addNameRange { name: 'gulp-jshint', range: '*', hasData: false }
19 verbose request where is /gulp-jshint
20 verbose request registry https://registry.npmjs.org/
21 verbose request id aa43016be420bf24
22 verbose url raw /gulp-jshint
23 verbose url resolving [ 'https://registry.npmjs.org/', './gulp-jshint' ]
24 verbose url resolved https://registry.npmjs.org/gulp-jshint
25 verbose request where is https://registry.npmjs.org/gulp-jshint
26 info trying registry request attempt 1 at 11:27:05
27 verbose etag "CKO8K87KU5BI682BHNS5JGY48"
28 http GET https://registry.npmjs.org/gulp-jshint
29 http 200 https://registry.npmjs.org/gulp-jshint
30 silly registry.get cb [ 200,
30 silly registry.get   { date: 'Fri, 13 Feb 2015 10:27:01 GMT',
30 silly registry.get     server: 'CouchDB/1.5.0 (Erlang OTP/R16B03)',
30 silly registry.get     etag: '"4ADV4QDAC4U5QUA2ILE6GTOUZ"',
30 silly registry.get     'content-type': 'application/json',
30 silly registry.get     'cache-control': 'max-age=60',
30 silly registry.get     'content-length': '54123',
30 silly registry.get     'accept-ranges': 'bytes',
30 silly registry.get     via: '1.1 varnish',
30 silly registry.get     age: '27',
30 silly registry.get     'x-served-by': 'cache-fra1243-FRA',
30 silly registry.get     'x-cache': 'HIT',
30 silly registry.get     'x-cache-hits': '1',
30 silly registry.get     'x-timer': 'S1423823221.408132,VS0,VE0',
30 silly registry.get     vary: 'Accept',
30 silly registry.get     'keep-alive': 'timeout=10, max=50',
30 silly registry.get     connection: 'Keep-Alive' } ]
31 silly addNameRange number 2 { name: 'gulp-jshint', range: '*', hasData: true }
32 silly addNameRange versions [ 'gulp-jshint',
32 silly addNameRange   [ '0.0.1',
32 silly addNameRange     '0.1.0',
32 silly addNameRange     '1.0.0',
32 silly addNameRange     '1.1.0',
32 silly addNameRange     '1.2.0',
32 silly addNameRange     '1.3.0',
32 silly addNameRange     '1.3.1',
32 silly addNameRange     '1.3.2',
32 silly addNameRange     '1.3.3',
32 silly addNameRange     '1.3.4',
32 silly addNameRange     '1.4.0',
32 silly addNameRange     '1.4.1',
32 silly addNameRange     '1.4.2',
32 silly addNameRange     '1.5.0',
32 silly addNameRange     '1.5.1',
32 silly addNameRange     '1.5.2',
32 silly addNameRange     '1.5.3',
32 silly addNameRange     '1.5.4',
32 silly addNameRange     '1.5.5',
32 silly addNameRange     '1.5.6',
32 silly addNameRange     '1.6.0',
32 silly addNameRange     '1.6.1',
32 silly addNameRange     '1.6.2',
32 silly addNameRange     '1.6.3',
32 silly addNameRange     '1.6.4',
32 silly addNameRange     '1.7.0',
32 silly addNameRange     '1.7.1',
32 silly addNameRange     '1.8.0',
32 silly addNameRange     '1.8.1',
32 silly addNameRange     '1.8.2',
32 silly addNameRange     '1.8.3',
32 silly addNameRange     '1.8.4',
32 silly addNameRange     '1.8.5',
32 silly addNameRange     '1.8.6',
32 silly addNameRange     '1.9.0',
32 silly addNameRange     '1.9.2' ] ]
33 verbose addNamed [ 'gulp-jshint', '1.9.2' ]
34 verbose addNamed [ '1.9.2', '1.9.2' ]
35 silly lockFile 8d25131c-gulp-jshint-1-9-2 gulp-jshint@1.9.2
36 verbose lock gulp-jshint@1.9.2 /home/front/.npm/8d25131c-gulp-jshint-1-9-2.lock
37 silly lockFile c82f914f-ulp-jshint-gulp-jshint-1-9-2-tgz https://registry.npmjs.org/gulp-jshint/-/gulp-jshint-1.9.2.tgz
38 verbose lock https://registry.npmjs.org/gulp-jshint/-/gulp-jshint-1.9.2.tgz /home/front/.npm/c82f914f-ulp-jshint-gulp-jshint-1-9-2-tgz.lock
39 verbose addRemoteTarball [ 'https://registry.npmjs.org/gulp-jshint/-/gulp-jshint-1.9.2.tgz',
39 verbose addRemoteTarball   '6ad0451b20a14541050e7e45694e7fde6d18a233' ]
40 info retry fetch attempt 1 at 11:27:05
41 verbose fetch to= /tmp/npm-4617-OBPAhcM7/registry.npmjs.org/gulp-jshint/-/gulp-jshint-1.9.2.tgz
42 http GET https://registry.npmjs.org/gulp-jshint/-/gulp-jshint-1.9.2.tgz
43 http 200 https://registry.npmjs.org/gulp-jshint/-/gulp-jshint-1.9.2.tgz
44 silly lockFile c82f914f-ulp-jshint-gulp-jshint-1-9-2-tgz https://registry.npmjs.org/gulp-jshint/-/gulp-jshint-1.9.2.tgz
45 silly lockFile c82f914f-ulp-jshint-gulp-jshint-1-9-2-tgz https://registry.npmjs.org/gulp-jshint/-/gulp-jshint-1.9.2.tgz
46 silly lockFile 8d25131c-gulp-jshint-1-9-2 gulp-jshint@1.9.2
47 silly lockFile 8d25131c-gulp-jshint-1-9-2 gulp-jshint@1.9.2
48 silly lockFile 8b36bbde-gulp-jshint gulp-jshint@
49 silly lockFile 8b36bbde-gulp-jshint gulp-jshint@
50 error Error: EACCES, mkdir '/home/front/.npm/gulp-jshint/1.9.2'
50 error  { [Error: EACCES, mkdir '/home/front/.npm/gulp-jshint/1.9.2']
50 error   errno: 3,
50 error   code: 'EACCES',
50 error   path: '/home/front/.npm/gulp-jshint/1.9.2',
50 error   parent: 'angularapp-gulp-boilerplate' }
51 error Please try running this command again as root/Administrator.
52 error System Linux 3.13.0-32-generic
53 error command "/usr/bin/node" "/usr/bin/npm" "install" "--save-dev" "gulp-jshint"
54 error cwd /home/front/angular/project
55 error node -v v0.10.35
56 error npm -v 1.4.28
57 error path /home/front/.npm/gulp-jshint/1.9.2
58 error code EACCES
59 error errno 3
60 error stack Error: EACCES, mkdir '/home/front/.npm/gulp-jshint/1.9.2'
61 verbose exit [ 3, true ]
